0 info it worked if it ends with ok
1 verbose cli [ '/usr/local/Cellar/node/5.2.0/bin/node',
1 verbose cli   '/usr/local/bin/npm',
1 verbose cli   'run',
1 verbose cli   'protractor' ]
2 info using npm@3.3.12
3 info using node@v5.2.0
4 verbose run-script [ 'preprotractor', 'protractor', 'postprotractor' ]
5 info lifecycle check_my_bias@1.0.0~preprotractor: check_my_bias@1.0.0
6 silly lifecycle check_my_bias@1.0.0~preprotractor: no script for preprotractor, continuing
7 info lifecycle check_my_bias@1.0.0~protractor: check_my_bias@1.0.0
8 verbose lifecycle check_my_bias@1.0.0~protractor: unsafe-perm in lifecycle true
9 verbose lifecycle check_my_bias@1.0.0~protractor: PATH: /usr/local/lib/node_modules/npm/bin/node-gyp-bin:/Users/RachelSmith/Projects/check_my_bias/node_modules/.bin:/Users/RachelSmith/.rvm/gems/ruby-2.3.0/bin:/Users/RachelSmith/.rvm/gems/ruby-2.3.0@global/bin:/Users/RachelSmith/.rvm/rubies/ruby-2.3.0/bin:/usr/local/bin:/usr/bin:/bin:/usr/sbin:/sbin:/Users/RachelSmith/.rvm/bin:/Users/RachelSmith/.rvm/bin
10 verbose lifecycle check_my_bias@1.0.0~protractor: CWD: /Users/RachelSmith/Projects/check_my_bias
11 silly lifecycle check_my_bias@1.0.0~protractor: Args: [ '-c', 'protractor test/js/e2e/protractor-conf.js' ]
12 silly lifecycle check_my_bias@1.0.0~protractor: Returned: code: 1  signal: null
13 info lifecycle check_my_bias@1.0.0~protractor: Failed to exec protractor script
14 verbose stack Error: check_my_bias@1.0.0 protractor: `protractor test/js/e2e/protractor-conf.js`
14 verbose stack Exit status 1
14 verbose stack     at EventEmitter.<anonymous> (/usr/local/lib/node_modules/npm/lib/utils/lifecycle.js:232:16)
14 verbose stack     at emitTwo (events.js:88:13)
14 verbose stack     at EventEmitter.emit (events.js:173:7)
14 verbose stack     at ChildProcess.<anonymous> (/usr/local/lib/node_modules/npm/lib/utils/spawn.js:24:14)
14 verbose stack     at emitTwo (events.js:88:13)
14 verbose stack     at ChildProcess.emit (events.js:173:7)
14 verbose stack     at maybeClose (internal/child_process.js:819:16)
14 verbose stack     at Process.ChildProcess._handle.onexit (internal/child_process.js:212:5)
15 verbose pkgid check_my_bias@1.0.0
16 verbose cwd /Users/RachelSmith/Projects/check_my_bias
17 error Darwin 15.3.0
18 error argv "/usr/local/Cellar/node/5.2.0/bin/node" "/usr/local/bin/npm" "run" "protractor"
19 error node v5.2.0
20 error npm  v3.3.12
21 error code ELIFECYCLE
22 error check_my_bias@1.0.0 protractor: `protractor test/js/e2e/protractor-conf.js`
22 error Exit status 1
23 error Failed at the check_my_bias@1.0.0 protractor script 'protractor test/js/e2e/protractor-conf.js'.
23 error Make sure you have the latest version of node.js and npm installed.
23 error If you do, this is most likely a problem with the check_my_bias package,
23 error not with npm itself.
23 error Tell the author that this fails on your system:
23 error     protractor test/js/e2e/protractor-conf.js
23 error You can get their info via:
23 error     npm owner ls check_my_bias
23 error There is likely additional logging output above.
24 verbose exit [ 1, true ]
